  glad.c
  Util.cpp
  Sound.cpp
  Resources.cpp
  PowerUpList.cpp
  PowerUp.cpp
u:\c585\project\cpsc-585\boilerplate\aventador.h(16): warning C4305: 'initializing': truncation from 'double' to 'float'
u:\c585\project\cpsc-585\boilerplate\aventador.h(17): warning C4305: 'initializing': truncation from 'double' to 'float'
u:\c585\project\cpsc-585\boilerplate\aventador.h(18): warning C4305: 'initializing': truncation from 'double' to 'float'
u:\c585\project\cpsc-585\boilerplate\aventador.h(20): warning C4305: 'initializing': truncation from 'double' to 'float'
u:\c585\project\cpsc-585\boilerplate\aventador.h(25): warning C4305: 'initializing': truncation from 'double' to 'float'
u:\c585\project\cpsc-585\boilerplate\aventador.h(27): warning C4305: 'initializing': truncation from 'double' to 'float'
u:\c585\project\cpsc-585\boilerplate\aventador.h(31): warning C4305: 'initializing': truncation from 'double' to 'float'
u:\c585\project\cpsc-585\boilerplate\aventador.h(32): warning C4305: 'initializing': truncation from 'double' to 'float'
u:\c585\project\cpsc-585\boilerplate\aventador.h(33): warning C4305: 'initializing': truncation from 'double' to 'float'
  PhysicsManager.cpp
u:\c585\project\cpsc-585\boilerplate\aventador.h(16): warning C4305: 'initializing': truncation from 'double' to 'float'
u:\c585\project\cpsc-585\boilerplate\aventador.h(17): warning C4305: 'initializing': truncation from 'double' to 'float'
u:\c585\project\cpsc-585\boilerplate\aventador.h(18): warning C4305: 'initializing': truncation from 'double' to 'float'
u:\c585\project\cpsc-585\boilerplate\aventador.h(20): warning C4305: 'initializing': truncation from 'double' to 'float'
u:\c585\project\cpsc-585\boilerplate\aventador.h(25): warning C4305: 'initializing': truncation from 'double' to 'float'
u:\c585\project\cpsc-585\boilerplate\aventador.h(27): warning C4305: 'initializing': truncation from 'double' to 'float'
u:\c585\project\cpsc-585\boilerplate\aventador.h(31): warning C4305: 'initializing': truncation from 'double' to 'float'
u:\c585\project\cpsc-585\boilerplate\aventador.h(32): warning C4305: 'initializing': truncation from 'double' to 'float'
u:\c585\project\cpsc-585\boilerplate\aventador.h(33): warning C4305: 'initializing': truncation from 'double' to 'float'
  Path.cpp
u:\c585\project\cpsc-585\boilerplate\aventador.h(16): warning C4305: 'initializing': truncation from 'double' to 'float'
u:\c585\project\cpsc-585\boilerplate\aventador.h(17): warning C4305: 'initializing': truncation from 'double' to 'float'
u:\c585\project\cpsc-585\boilerplate\aventador.h(18): warning C4305: 'initializing': truncation from 'double' to 'float'
u:\c585\project\cpsc-585\boilerplate\aventador.h(20): warning C4305: 'initializing': truncation from 'double' to 'float'
u:\c585\project\cpsc-585\boilerplate\aventador.h(25): warning C4305: 'initializing': truncation from 'double' to 'float'
u:\c585\project\cpsc-585\boilerplate\aventador.h(27): warning C4305: 'initializing': truncation from 'double' to 'float'
u:\c585\project\cpsc-585\boilerplate\aventador.h(31): warning C4305: 'initializing': truncation from 'double' to 'float'
u:\c585\project\cpsc-585\boilerplate\aventador.h(32): warning C4305: 'initializing': truncation from 'double' to 'float'
u:\c585\project\cpsc-585\boilerplate\aventador.h(33): warning C4305: 'initializing': truncation from 'double' to 'float'
  Main.cpp
u:\c585\project\cpsc-585\boilerplate\aventador.h(16): warning C4305: 'initializing': truncation from 'double' to 'float'
u:\c585\project\cpsc-585\boilerplate\aventador.h(17): warning C4305: 'initializing': truncation from 'double' to 'float'
u:\c585\project\cpsc-585\boilerplate\aventador.h(18): warning C4305: 'initializing': truncation from 'double' to 'float'
u:\c585\project\cpsc-585\boilerplate\aventador.h(20): warning C4305: 'initializing': truncation from 'double' to 'float'
u:\c585\project\cpsc-585\boilerplate\aventador.h(25): warning C4305: 'initializing': truncation from 'double' to 'float'
u:\c585\project\cpsc-585\boilerplate\aventador.h(27): warning C4305: 'initializing': truncation from 'double' to 'float'
u:\c585\project\cpsc-585\boilerplate\aventador.h(31): warning C4305: 'initializing': truncation from 'double' to 'float'
u:\c585\project\cpsc-585\boilerplate\aventador.h(32): warning C4305: 'initializing': truncation from 'double' to 'float'
u:\c585\project\cpsc-585\boilerplate\aventador.h(33): warning C4305: 'initializing': truncation from 'double' to 'float'
  InputManager.cpp
c:\program files (x86)\windows kits\8.1\include\shared\minwindef.h(130): warning C4005: 'APIENTRY': macro redefinition
  u:\c585\project\cpsc-585\middleware\glfw\include\glfw\glfw3.h(98): note: see previous definition of 'APIENTRY'
  HUD.cpp
u:\c585\project\cpsc-585\boilerplate\aventador.h(16): warning C4305: 'initializing': truncation from 'double' to 'float'
u:\c585\project\cpsc-585\boilerplate\aventador.h(17): warning C4305: 'initializing': truncation from 'double' to 'float'
u:\c585\project\cpsc-585\boilerplate\aventador.h(18): warning C4305: 'initializing': truncation from 'double' to 'float'
u:\c585\project\cpsc-585\boilerplate\aventador.h(20): warning C4305: 'initializing': truncation from 'double' to 'float'
u:\c585\project\cpsc-585\boilerplate\aventador.h(25): warning C4305: 'initializing': truncation from 'double' to 'float'
u:\c585\project\cpsc-585\boilerplate\aventador.h(27): warning C4305: 'initializing': truncation from 'double' to 'float'
u:\c585\project\cpsc-585\boilerplate\aventador.h(31): warning C4305: 'initializing': truncation from 'double' to 'float'
u:\c585\project\cpsc-585\boilerplate\aventador.h(32): warning C4305: 'initializing': truncation from 'double' to 'float'
u:\c585\project\cpsc-585\boilerplate\aventador.h(33): warning C4305: 'initializing': truncation from 'double' to 'float'
  Graphics.cpp
u:\c585\project\cpsc-585\boilerplate\aventador.h(16): warning C4305: 'initializing': truncation from 'double' to 'float'
u:\c585\project\cpsc-585\boilerplate\aventador.h(17): warning C4305: 'initializing': truncation from 'double' to 'float'
u:\c585\project\cpsc-585\boilerplate\aventador.h(18): warning C4305: 'initializing': truncation from 'double' to 'float'
u:\c585\project\cpsc-585\boilerplate\aventador.h(20): warning C4305: 'initializing': truncation from 'double' to 'float'
u:\c585\project\cpsc-585\boilerplate\aventador.h(25): warning C4305: 'initializing': truncation from 'double' to 'float'
u:\c585\project\cpsc-585\boilerplate\aventador.h(27): warning C4305: 'initializing': truncation from 'double' to 'float'
u:\c585\project\cpsc-585\boilerplate\aventador.h(31): warning C4305: 'initializing': truncation from 'double' to 'float'
u:\c585\project\cpsc-585\boilerplate\aventador.h(32): warning C4305: 'initializing': truncation from 'double' to 'float'
u:\c585\project\cpsc-585\boilerplate\aventador.h(33): warning C4305: 'initializing': truncation from 'double' to 'float'
u:\c585\project\cpsc-585\boilerplate\graphics.cpp(198): warning C4244: 'argument': conversion from 'float' to 'GLsizei', possible loss of data
u:\c585\project\cpsc-585\boilerplate\graphics.cpp(199): warning C4244: 'argument': conversion from 'float' to 'GLsizei', possible loss of data
u:\c585\project\cpsc-585\boilerplate\graphics.cpp(317): warning C4267: 'argument': conversion from 'size_t' to 'GLsizei', possible loss of data
u:\c585\project\cpsc-585\boilerplate\graphics.cpp(347): warning C4267: 'argument': conversion from 'size_t' to 'GLsizei', possible loss of data
u:\c585\project\cpsc-585\boilerplate\graphics.cpp(470): warning C4244: 'argument': conversion from 'float' to 'GLsizei', possible loss of data
u:\c585\project\cpsc-585\boilerplate\graphics.cpp(479): warning C4244: 'argument': conversion from 'float' to 'GLsizei', possible loss of data
u:\c585\project\cpsc-585\boilerplate\graphics.cpp(773): warning C4267: '=': conversion from 'size_t' to 'GLsizei', possible loss of data
u:\c585\project\cpsc-585\boilerplate\graphics.cpp(740): error C4996: 'fopen': This function or variable may be unsafe. Consider using fopen_s instead. To disable deprecation, use _CRT_SECURE_NO_WARNINGS. See online help for details.
  c:\program files (x86)\windows kits\10\include\10.0.10240.0\ucrt\stdio.h(205): note: see declaration of 'fopen'
u:\c585\project\cpsc-585\boilerplate\graphics.cpp(744): error C4996: 'fscanf': This function or variable may be unsafe. Consider using fscanf_s instead. To disable deprecation, use _CRT_SECURE_NO_WARNINGS. See online help for details.
  c:\program files (x86)\windows kits\10\include\10.0.10240.0\ucrt\stdio.h(1193): note: see declaration of 'fscanf'
u:\c585\project\cpsc-585\boilerplate\graphics.cpp(748): error C4996: 'fscanf': This function or variable may be unsafe. Consider using fscanf_s instead. To disable deprecation, use _CRT_SECURE_NO_WARNINGS. See online help for details.
  c:\program files (x86)\windows kits\10\include\10.0.10240.0\ucrt\stdio.h(1193): note: see declaration of 'fscanf'
u:\c585\project\cpsc-585\boilerplate\graphics.cpp(753): error C4996: 'fscanf': This function or variable may be unsafe. Consider using fscanf_s instead. To disable deprecation, use _CRT_SECURE_NO_WARNINGS. See online help for details.
  c:\program files (x86)\windows kits\10\include\10.0.10240.0\ucrt\stdio.h(1193): note: see declaration of 'fscanf'
u:\c585\project\cpsc-585\boilerplate\graphics.cpp(758): error C4996: 'fscanf': This function or variable may be unsafe. Consider using fscanf_s instead. To disable deprecation, use _CRT_SECURE_NO_WARNINGS. See online help for details.
  c:\program files (x86)\windows kits\10\include\10.0.10240.0\ucrt\stdio.h(1193): note: see declaration of 'fscanf'
  Gamepad.cpp
  Game.cpp
u:\c585\project\cpsc-585\boilerplate\aventador.h(16): warning C4305: 'initializing': truncation from 'double' to 'float'
u:\c585\project\cpsc-585\boilerplate\aventador.h(17): warning C4305: 'initializing': truncation from 'double' to 'float'
u:\c585\project\cpsc-585\boilerplate\aventador.h(18): warning C4305: 'initializing': truncation from 'double' to 'float'
u:\c585\project\cpsc-585\boilerplate\aventador.h(20): warning C4305: 'initializing': truncation from 'double' to 'float'
u:\c585\project\cpsc-585\boilerplate\aventador.h(25): warning C4305: 'initializing': truncation from 'double' to 'float'
u:\c585\project\cpsc-585\boilerplate\aventador.h(27): warning C4305: 'initializing': truncation from 'double' to 'float'
u:\c585\project\cpsc-585\boilerplate\aventador.h(31): warning C4305: 'initializing': truncation from 'double' to 'float'
u:\c585\project\cpsc-585\boilerplate\aventador.h(32): warning C4305: 'initializing': truncation from 'double' to 'float'
u:\c585\project\cpsc-585\boilerplate\aventador.h(33): warning C4305: 'initializing': truncation from 'double' to 'float'
u:\c585\project\cpsc-585\boilerplate\game.cpp(39): error C3861: 'mainGameLoop': identifier not found
  Entity.cpp
u:\c585\project\cpsc-585\boilerplate\aventador.h(16): warning C4305: 'initializing': truncation from 'double' to 'float'
u:\c585\project\cpsc-585\boilerplate\aventador.h(17): warning C4305: 'initializing': truncation from 'double' to 'float'
u:\c585\project\cpsc-585\boilerplate\aventador.h(18): warning C4305: 'initializing': truncation from 'double' to 'float'
u:\c585\project\cpsc-585\boilerplate\aventador.h(20): warning C4305: 'initializing': truncation from 'double' to 'float'
u:\c585\project\cpsc-585\boilerplate\aventador.h(25): warning C4305: 'initializing': truncation from 'double' to 'float'
u:\c585\project\cpsc-585\boilerplate\aventador.h(27): warning C4305: 'initializing': truncation from 'double' to 'float'
u:\c585\project\cpsc-585\boilerplate\aventador.h(31): warning C4305: 'initializing': truncation from 'double' to 'float'
u:\c585\project\cpsc-585\boilerplate\aventador.h(32): warning C4305: 'initializing': truncation from 'double' to 'float'
u:\c585\project\cpsc-585\boilerplate\aventador.h(33): warning C4305: 'initializing': truncation from 'double' to 'float'
  Aventador.cpp
u:\c585\project\cpsc-585\boilerplate\aventador.h(16): warning C4305: 'initializing': truncation from 'double' to 'float'
u:\c585\project\cpsc-585\boilerplate\aventador.h(17): warning C4305: 'initializing': truncation from 'double' to 'float'
u:\c585\project\cpsc-585\boilerplate\aventador.h(18): warning C4305: 'initializing': truncation from 'double' to 'float'
u:\c585\project\cpsc-585\boilerplate\aventador.h(20): warning C4305: 'initializing': truncation from 'double' to 'float'
u:\c585\project\cpsc-585\boilerplate\aventador.h(25): warning C4305: 'initializing': truncation from 'double' to 'float'
u:\c585\project\cpsc-585\boilerplate\aventador.h(27): warning C4305: 'initializing': truncation from 'double' to 'float'
u:\c585\project\cpsc-585\boilerplate\aventador.h(31): warning C4305: 'initializing': truncation from 'double' to 'float'
u:\c585\project\cpsc-585\boilerplate\aventador.h(32): warning C4305: 'initializing': truncation from 'double' to 'float'
u:\c585\project\cpsc-585\boilerplate\aventador.h(33): warning C4305: 'initializing': truncation from 'double' to 'float'
u:\c585\project\cpsc-585\boilerplate\aventador.cpp(48): warning C4305: 'argument': truncation from 'double' to 'physx::PxReal'
u:\c585\project\cpsc-585\boilerplate\aventador.cpp(106): warning C4305: 'initializing': truncation from 'double' to 'float'
u:\c585\project\cpsc-585\boilerplate\aventador.cpp(175): warning C4244: '=': conversion from 'double' to 'float', possible loss of data
u:\c585\project\cpsc-585\boilerplate\aventador.cpp(179): warning C4305: '*=': truncation from 'double' to 'float'
u:\c585\project\cpsc-585\boilerplate\aventador.cpp(383): warning C4244: '=': conversion from 'double' to 'float', possible loss of data
  Generating Code...
